<?xml version='1.0' encoding='UTF-8'?>
<testsuite hostname="clinicpesa" name="unit.UnitSpec" tests="3" errors="0" failures="0" skipped="0" time="0.034" timestamp="2020-01-27T17:31:22">
                     <properties>
[...]
</properties>
                     <testcase classname="unit.UnitSpec" name="WidgetForm must apply successfully from request" time="0.025">
                                                 
                                               </testcase><testcase classname="unit.UnitSpec" name="WidgetForm must apply successfully from map" time="0.002">
                                                 
                                               </testcase><testcase classname="unit.UnitSpec" name="WidgetForm must show errors when applied unsuccessfully" time="0.007">
                                                 
                                               </testcase>
                     <system-out><![CDATA[]]></system-out>
                     <system-err><![CDATA[]]></system-err>
                   </testsuite>